2021-12-13 21:12:403 INFO  ManageDriver :31 - Launching Chrome Browser
2021-12-13 21:12:971 INFO  LoginPage :37 - Verify text : Admin[[ChromeDriver: chrome on WINDOWS (1944b1eedbb6faf35becfc47e16313f9)] -> xpath: //input[@id='txtUsername']]
2021-12-13 21:12:64 INFO  LoginPage :41 - Verify text : admin123[[ChromeDriver: chrome on WINDOWS (1944b1eedbb6faf35becfc47e16313f9)] -> xpath: //input[@id='txtPassword']]
2021-12-13 21:12:353 INFO  LoginPage :45 - Verify text : [[ChromeDriver: chrome on WINDOWS (1944b1eedbb6faf35becfc47e16313f9)] -> xpath: //input[@id='btnLogin']]
2021-12-13 21:12:939 INFO  HomePage :46 - Verify Displayed Welcome text : welcome[[ChromeDriver: chrome on WINDOWS (1944b1eedbb6faf35becfc47e16313f9)] -> xpath: //a[@id='welcome']]
2021-12-13 21:12:975 INFO  ManageDriver :31 - Launching Chrome Browser
2021-12-13 21:12:501 INFO  LoginPage :37 - Verify text : Admin[[ChromeDriver: chrome on WINDOWS (25831b70e621313ea095485028f83767)] -> xpath: //input[@id='txtUsername']]
2021-12-13 21:12:643 INFO  LoginPage :41 - Verify text : admin123[[ChromeDriver: chrome on WINDOWS (25831b70e621313ea095485028f83767)] -> xpath: //input[@id='txtPassword']]
2021-12-13 21:12:302 INFO  LoginPage :45 - Verify text : [[ChromeDriver: chrome on WINDOWS (25831b70e621313ea095485028f83767)] -> xpath: //input[@id='btnLogin']]
2021-12-13 21:12:397 INFO  HomePage :57 - Verify logo displayed : [[ChromeDriver: chrome on WINDOWS (25831b70e621313ea095485028f83767)] -> xpath: //img[@alt='OrangeHRM']]
2021-12-13 21:12:428 INFO  ManageDriver :31 - Launching Chrome Browser
2021-12-13 21:12:313 INFO  LoginPage :37 - Verify text : Admin[[ChromeDriver: chrome on WINDOWS (ca97ad8a1f2dee4ee32425fa2ec33761)] -> xpath: //input[@id='txtUsername']]
2021-12-13 21:12:467 INFO  LoginPage :41 - Verify text : admin123[[ChromeDriver: chrome on WINDOWS (ca97ad8a1f2dee4ee32425fa2ec33761)] -> xpath: //input[@id='txtPassword']]
2021-12-13 21:12:202 INFO  LoginPage :45 - Verify text : [[ChromeDriver: chrome on WINDOWS (ca97ad8a1f2dee4ee32425fa2ec33761)] -> xpath: //input[@id='btnLogin']]
2021-12-13 21:12:311 INFO  DashboardPage :41 - Click User profile : [[ChromeDriver: chrome on WINDOWS (ca97ad8a1f2dee4ee32425fa2ec33761)] -> xpath: //a[@id='welcome']]
2021-12-13 21:12:989 INFO  DashboardPage :46 - Click Logout : [[ChromeDriver: chrome on WINDOWS (ca97ad8a1f2dee4ee32425fa2ec33761)] -> xpath: //a[normalize-space()='Logout']]
2021-12-13 21:12:113 INFO  DashboardPage :52 - Verify LoginPanel  : LOGIN Panel[[ChromeDriver: chrome on WINDOWS (ca97ad8a1f2dee4ee32425fa2ec33761)] -> xpath: //div[@id='logInPanelHeading']]
2021-12-13 21:12:563 INFO  ManageDriver :31 - Launching Chrome Browser
2021-12-13 21:12:252 INFO  LoginPage :37 - Verify text : Admin[[ChromeDriver: chrome on WINDOWS (94c0e75b5d842ead6ec1fda1c81fecbc)] -> xpath: //input[@id='txtUsername']]
2021-12-13 21:12:351 INFO  LoginPage :41 - Verify text : admin123[[ChromeDriver: chrome on WINDOWS (94c0e75b5d842ead6ec1fda1c81fecbc)] -> xpath: //input[@id='txtPassword']]
2021-12-13 21:12:30 INFO  LoginPage :45 - Verify text : [[ChromeDriver: chrome on WINDOWS (94c0e75b5d842ead6ec1fda1c81fecbc)] -> xpath: //input[@id='btnLogin']]
2021-12-13 21:12:967 INFO  DashboardPage :36 - Click Admin tab : [[ChromeDriver: chrome on WINDOWS (94c0e75b5d842ead6ec1fda1c81fecbc)] -> xpath: //b[normalize-space()='Admin']]
2021-12-13 21:12:22 INFO  AdminPage :29 - Verify User text  : System Users[[ChromeDriver: chrome on WINDOWS (94c0e75b5d842ead6ec1fda1c81fecbc)] -> xpath: //h1[normalize-space()='System Users']]
2021-12-13 21:12:549 INFO  AdminPage :34 - Click Add button  : [[ChromeDriver: chrome on WINDOWS (94c0e75b5d842ead6ec1fda1c81fecbc)] -> xpath: //input[@id='btnAdd']]
2021-12-13 21:12:630 INFO  AddUserPage :58 - Verify Add user text  : Add User[[ChromeDriver: chrome on WINDOWS (94c0e75b5d842ead6ec1fda1c81fecbc)] -> xpath: //h1[@id='UserHeading']]
2021-12-13 21:12:733 INFO  AddUserPage :63 - Send User role  : Admin[[ChromeDriver: chrome on WINDOWS (94c0e75b5d842ead6ec1fda1c81fecbc)] -> xpath: //select[@id='systemUser_userType']]
2021-12-13 21:12:862 INFO  AddUserPage :68 - Add Employee name  : Ananya Dash[[ChromeDriver: chrome on WINDOWS (94c0e75b5d842ead6ec1fda1c81fecbc)] -> xpath: //input[@id='systemUser_employeeName_empName']]
2021-12-13 21:12:995 INFO  AddUserPage :73 - Add User name  : Ananya015[[ChromeDriver: chrome on WINDOWS (94c0e75b5d842ead6ec1fda1c81fecbc)] -> xpath: //input[@id='systemUser_userName']]
2021-12-13 21:12:93 INFO  AddUserPage :78 - Select User status  : Disabled[[ChromeDriver: chrome on WINDOWS (94c0e75b5d842ead6ec1fda1c81fecbc)] -> xpath: //select[@id='systemUser_status']]
2021-12-13 21:12:198 INFO  AddUserPage :83 - Send Password : Abc@1234[[ChromeDriver: chrome on WINDOWS (94c0e75b5d842ead6ec1fda1c81fecbc)] -> xpath: //input[@id='systemUser_password']]
2021-12-13 21:12:309 INFO  AddUserPage :88 - Send Confirm Password : Abc@1234[[ChromeDriver: chrome on WINDOWS (94c0e75b5d842ead6ec1fda1c81fecbc)] -> xpath: //input[@id='systemUser_confirmPassword']]
2021-12-13 21:12:386 INFO  AddUserPage :93 - Click save button : [[ChromeDriver: chrome on WINDOWS (94c0e75b5d842ead6ec1fda1c81fecbc)] -> xpath: //input[@id='btnSave']]
2021-12-13 21:12:430 INFO  AddUserPage :98 - Verify User saved message  : Successfully Saved[[ChromeDriver: chrome on WINDOWS (94c0e75b5d842ead6ec1fda1c81fecbc)] -> xpath: //div[contains(text(),'Successfully Saved')]]
2021-12-13 21:12:460 INFO  ManageDriver :31 - Launching Chrome Browser
2021-12-13 21:12:17 INFO  LoginPage :37 - Verify text : Admin[[ChromeDriver: chrome on WINDOWS (0c8bf33844606a81898e672f592d03f0)] -> xpath: //input[@id='txtUsername']]
2021-12-13 21:12:111 INFO  LoginPage :41 - Verify text : admin123[[ChromeDriver: chrome on WINDOWS (0c8bf33844606a81898e672f592d03f0)] -> xpath: //input[@id='txtPassword']]
2021-12-13 21:12:804 INFO  LoginPage :45 - Verify text : [[ChromeDriver: chrome on WINDOWS (0c8bf33844606a81898e672f592d03f0)] -> xpath: //input[@id='btnLogin']]
2021-12-13 21:12:828 INFO  DashboardPage :36 - Click Admin tab : [[ChromeDriver: chrome on WINDOWS (0c8bf33844606a81898e672f592d03f0)] -> xpath: //b[normalize-space()='Admin']]
2021-12-13 21:12:881 INFO  AdminPage :29 - Verify User text  : System Users[[ChromeDriver: chrome on WINDOWS (0c8bf33844606a81898e672f592d03f0)] -> xpath: //h1[normalize-space()='System Users']]
2021-12-13 21:12:994 INFO  ViewSystemUsersPage :61 - Send User Name : Ananya015[[ChromeDriver: chrome on WINDOWS (0c8bf33844606a81898e672f592d03f0)] -> xpath: //input[@id='searchSystemUser_userName']]
2021-12-13 21:12:104 INFO  ViewSystemUsersPage :66 - Select UserRole : Admin[[ChromeDriver: chrome on WINDOWS (0c8bf33844606a81898e672f592d03f0)] -> xpath: //select[@id='searchSystemUser_userType']]
2021-12-13 21:12:198 INFO  ViewSystemUsersPage :71 - Select User Status : Disabled[[ChromeDriver: chrome on WINDOWS (0c8bf33844606a81898e672f592d03f0)] -> xpath: //select[@id='searchSystemUser_status']]
2021-12-13 21:12:665 INFO  ViewSystemUsersPage :76 - Select Search Button : [[ChromeDriver: chrome on WINDOWS (0c8bf33844606a81898e672f592d03f0)] -> xpath: //input[@id='searchBtn']]
2021-12-13 21:12:139 INFO  ManageDriver :31 - Launching Chrome Browser
2021-12-13 21:12:07 INFO  LoginPage :37 - Verify text : Admin[[ChromeDriver: chrome on WINDOWS (ada4fb27d10f66d45ca6a5634305c19f)] -> xpath: //input[@id='txtUsername']]
2021-12-13 21:12:123 INFO  LoginPage :41 - Verify text : admin123[[ChromeDriver: chrome on WINDOWS (ada4fb27d10f66d45ca6a5634305c19f)] -> xpath: //input[@id='txtPassword']]
2021-12-13 21:12:666 INFO  LoginPage :45 - Verify text : [[ChromeDriver: chrome on WINDOWS (ada4fb27d10f66d45ca6a5634305c19f)] -> xpath: //input[@id='btnLogin']]
2021-12-13 21:12:643 INFO  DashboardPage :36 - Click Admin tab : [[ChromeDriver: chrome on WINDOWS (ada4fb27d10f66d45ca6a5634305c19f)] -> xpath: //b[normalize-space()='Admin']]
2021-12-13 21:12:688 INFO  AdminPage :29 - Verify User text  : System Users[[ChromeDriver: chrome on WINDOWS (ada4fb27d10f66d45ca6a5634305c19f)] -> xpath: //h1[normalize-space()='System Users']]
2021-12-13 21:12:790 INFO  ViewSystemUsersPage :61 - Send User Name : Ananya015[[ChromeDriver: chrome on WINDOWS (ada4fb27d10f66d45ca6a5634305c19f)] -> xpath: //input[@id='searchSystemUser_userName']]
2021-12-13 21:12:902 INFO  ViewSystemUsersPage :66 - Select UserRole : Admin[[ChromeDriver: chrome on WINDOWS (ada4fb27d10f66d45ca6a5634305c19f)] -> xpath: //select[@id='searchSystemUser_userType']]
2021-12-13 21:12:05 INFO  ViewSystemUsersPage :71 - Select User Status : Disabled[[ChromeDriver: chrome on WINDOWS (ada4fb27d10f66d45ca6a5634305c19f)] -> xpath: //select[@id='searchSystemUser_status']]
2021-12-13 21:12:537 INFO  ViewSystemUsersPage :76 - Select Search Button : [[ChromeDriver: chrome on WINDOWS (ada4fb27d10f66d45ca6a5634305c19f)] -> xpath: //input[@id='searchBtn']]
2021-12-13 21:12:674 INFO  ManageDriver :31 - Launching Chrome Browser
2021-12-13 21:12:86 INFO  LoginPage :37 - Verify text : Admin[[ChromeDriver: chrome on WINDOWS (038060a99244a20134e0e32ac5c313f2)] -> xpath: //input[@id='txtUsername']]
2021-12-13 21:12:188 INFO  LoginPage :41 - Verify text : admin123[[ChromeDriver: chrome on WINDOWS (038060a99244a20134e0e32ac5c313f2)] -> xpath: //input[@id='txtPassword']]
2021-12-13 21:12:228 INFO  LoginPage :45 - Verify text : [[ChromeDriver: chrome on WINDOWS (038060a99244a20134e0e32ac5c313f2)] -> xpath: //input[@id='btnLogin']]
2021-12-13 21:12:938 INFO  DashboardPage :36 - Click Admin tab : [[ChromeDriver: chrome on WINDOWS (038060a99244a20134e0e32ac5c313f2)] -> xpath: //b[normalize-space()='Admin']]
2021-12-13 21:12:981 INFO  AdminPage :29 - Verify User text  : System Users[[ChromeDriver: chrome on WINDOWS (038060a99244a20134e0e32ac5c313f2)] -> xpath: //h1[normalize-space()='System Users']]
2021-12-13 21:12:88 INFO  ViewSystemUsersPage :61 - Send User Name : Ananya015[[ChromeDriver: chrome on WINDOWS (038060a99244a20134e0e32ac5c313f2)] -> xpath: //input[@id='searchSystemUser_userName']]
2021-12-13 21:12:194 INFO  ViewSystemUsersPage :66 - Select UserRole : Admin[[ChromeDriver: chrome on WINDOWS (038060a99244a20134e0e32ac5c313f2)] -> xpath: //select[@id='searchSystemUser_userType']]
2021-12-13 21:12:308 INFO  ViewSystemUsersPage :71 - Select User Status : Disabled[[ChromeDriver: chrome on WINDOWS (038060a99244a20134e0e32ac5c313f2)] -> xpath: //select[@id='searchSystemUser_status']]
2021-12-13 21:12:772 INFO  ViewSystemUsersPage :76 - Select Search Button : [[ChromeDriver: chrome on WINDOWS (038060a99244a20134e0e32ac5c313f2)] -> xpath: //input[@id='searchBtn']]
2021-12-13 21:12:35 INFO  ManageDriver :31 - Launching Chrome Browser
2021-12-13 21:12:428 INFO  LoginPage :37 - Verify text : Admin[[ChromeDriver: chrome on WINDOWS (948640d9bd084a1f8d3bc5a7a68fb493)] -> xpath: //input[@id='txtUsername']]
2021-12-13 21:12:541 INFO  LoginPage :41 - Verify text : admin123[[ChromeDriver: chrome on WINDOWS (948640d9bd084a1f8d3bc5a7a68fb493)] -> xpath: //input[@id='txtPassword']]
2021-12-13 21:12:866 INFO  LoginPage :45 - Verify text : [[ChromeDriver: chrome on WINDOWS (948640d9bd084a1f8d3bc5a7a68fb493)] -> xpath: //input[@id='btnLogin']]
2021-12-13 21:12:314 INFO  DashboardPage :36 - Click Admin tab : [[ChromeDriver: chrome on WINDOWS (948640d9bd084a1f8d3bc5a7a68fb493)] -> xpath: //b[normalize-space()='Admin']]
2021-12-13 21:12:375 INFO  AdminPage :29 - Verify User text  : System Users[[ChromeDriver: chrome on WINDOWS (948640d9bd084a1f8d3bc5a7a68fb493)] -> xpath: //h1[normalize-space()='System Users']]
2021-12-13 21:12:914 INFO  AdminPage :34 - Click Add button  : [[ChromeDriver: chrome on WINDOWS (948640d9bd084a1f8d3bc5a7a68fb493)] -> xpath: //input[@id='btnAdd']]
2021-12-13 21:12:995 INFO  AddUserPage :58 - Verify Add user text  : Add User[[ChromeDriver: chrome on WINDOWS (948640d9bd084a1f8d3bc5a7a68fb493)] -> xpath: //h1[@id='UserHeading']]
2021-12-13 21:12:108 INFO  AddUserPage :63 - Send User role  : Admin[[ChromeDriver: chrome on WINDOWS (948640d9bd084a1f8d3bc5a7a68fb493)] -> xpath: //select[@id='systemUser_userType']]
2021-12-13 21:12:250 INFO  AddUserPage :68 - Add Employee name  : Ananya Dash[[ChromeDriver: chrome on WINDOWS (948640d9bd084a1f8d3bc5a7a68fb493)] -> xpath: //input[@id='systemUser_employeeName_empName']]
2021-12-13 21:12:393 INFO  AddUserPage :73 - Add User name  : Ananya015[[ChromeDriver: chrome on WINDOWS (948640d9bd084a1f8d3bc5a7a68fb493)] -> xpath: //input[@id='systemUser_userName']]
2021-12-13 21:12:496 INFO  AddUserPage :78 - Select User status  : Disabled[[ChromeDriver: chrome on WINDOWS (948640d9bd084a1f8d3bc5a7a68fb493)] -> xpath: //select[@id='systemUser_status']]
2021-12-13 21:12:626 INFO  AddUserPage :83 - Send Password : Abc@1234[[ChromeDriver: chrome on WINDOWS (948640d9bd084a1f8d3bc5a7a68fb493)] -> xpath: //input[@id='systemUser_password']]
2021-12-13 21:12:735 INFO  AddUserPage :88 - Send Confirm Password : Abc@1234[[ChromeDriver: chrome on WINDOWS (948640d9bd084a1f8d3bc5a7a68fb493)] -> xpath: //input[@id='systemUser_confirmPassword']]
2021-12-13 21:12:825 INFO  AddUserPage :93 - Click save button : [[ChromeDriver: chrome on WINDOWS (948640d9bd084a1f8d3bc5a7a68fb493)] -> xpath: //input[@id='btnSave']]
2021-12-13 21:12:860 INFO  AddUserPage :98 - Verify User saved message  : Successfully Saved[[ChromeDriver: chrome on WINDOWS (948640d9bd084a1f8d3bc5a7a68fb493)] -> xpath: //div[contains(text(),'Successfully Saved')]]
2021-12-13 21:12:892 INFO  ManageDriver :31 - Launching Chrome Browser
2021-12-13 21:12:304 INFO  LoginPage :37 - Verify text : Admin[[ChromeDriver: chrome on WINDOWS (85327a77d8363e96603f9fbf61a0f59c)] -> xpath: //input[@id='txtUsername']]
2021-12-13 21:12:428 INFO  LoginPage :41 - Verify text : admin123[[ChromeDriver: chrome on WINDOWS (85327a77d8363e96603f9fbf61a0f59c)] -> xpath: //input[@id='txtPassword']]
2021-12-13 21:12:65 INFO  LoginPage :45 - Verify text : [[ChromeDriver: chrome on WINDOWS (85327a77d8363e96603f9fbf61a0f59c)] -> xpath: //input[@id='btnLogin']]
2021-12-13 21:12:223 INFO  DashboardPage :36 - Click Admin tab : [[ChromeDriver: chrome on WINDOWS (85327a77d8363e96603f9fbf61a0f59c)] -> xpath: //b[normalize-space()='Admin']]
2021-12-13 21:12:277 INFO  AdminPage :29 - Verify User text  : System Users[[ChromeDriver: chrome on WINDOWS (85327a77d8363e96603f9fbf61a0f59c)] -> xpath: //h1[normalize-space()='System Users']]
2021-12-13 21:12:391 INFO  ViewSystemUsersPage :62 - Send User Name : Ananya015[[ChromeDriver: chrome on WINDOWS (85327a77d8363e96603f9fbf61a0f59c)] -> xpath: //input[@id='searchSystemUser_userName']]
2021-12-13 21:12:543 INFO  ViewSystemUsersPage :67 - Select UserRole : Admin[[ChromeDriver: chrome on WINDOWS (85327a77d8363e96603f9fbf61a0f59c)] -> xpath: //select[@id='searchSystemUser_userType']]
2021-12-13 21:12:652 INFO  ViewSystemUsersPage :72 - Select User Status : Disabled[[ChromeDriver: chrome on WINDOWS (85327a77d8363e96603f9fbf61a0f59c)] -> xpath: //select[@id='searchSystemUser_status']]
2021-12-13 21:12:144 INFO  ViewSystemUsersPage :77 - Select Search Button : [[ChromeDriver: chrome on WINDOWS (85327a77d8363e96603f9fbf61a0f59c)] -> xpath: //input[@id='searchBtn']]
2021-12-13 21:12:455 INFO  ManageDriver :31 - Launching Chrome Browser
2021-12-13 21:12:297 INFO  LoginPage :37 - Verify text : Admin[[ChromeDriver: chrome on WINDOWS (7a020fcc45df71a908a145ee0002e419)] -> xpath: //input[@id='txtUsername']]
2021-12-13 21:12:403 INFO  LoginPage :41 - Verify text : admin123[[ChromeDriver: chrome on WINDOWS (7a020fcc45df71a908a145ee0002e419)] -> xpath: //input[@id='txtPassword']]
2021-12-13 21:12:12 INFO  LoginPage :45 - Verify text : [[ChromeDriver: chrome on WINDOWS (7a020fcc45df71a908a145ee0002e419)] -> xpath: //input[@id='btnLogin']]
2021-12-13 21:12:926 INFO  DashboardPage :36 - Click Admin tab : [[ChromeDriver: chrome on WINDOWS (7a020fcc45df71a908a145ee0002e419)] -> xpath: //b[normalize-space()='Admin']]
2021-12-13 21:12:989 INFO  AdminPage :29 - Verify User text  : System Users[[ChromeDriver: chrome on WINDOWS (7a020fcc45df71a908a145ee0002e419)] -> xpath: //h1[normalize-space()='System Users']]
2021-12-13 21:12:477 INFO  AdminPage :34 - Click Add button  : [[ChromeDriver: chrome on WINDOWS (7a020fcc45df71a908a145ee0002e419)] -> xpath: //input[@id='btnAdd']]
2021-12-13 21:12:538 INFO  AddUserPage :58 - Verify Add user text  : Add User[[ChromeDriver: chrome on WINDOWS (7a020fcc45df71a908a145ee0002e419)] -> xpath: //h1[@id='UserHeading']]
2021-12-13 21:12:650 INFO  AddUserPage :63 - Send User role  : Admin[[ChromeDriver: chrome on WINDOWS (7a020fcc45df71a908a145ee0002e419)] -> xpath: //select[@id='systemUser_userType']]
2021-12-13 21:12:783 INFO  AddUserPage :68 - Add Employee name  : Ananya Dash[[ChromeDriver: chrome on WINDOWS (7a020fcc45df71a908a145ee0002e419)] -> xpath: //input[@id='systemUser_employeeName_empName']]
2021-12-13 21:12:917 INFO  AddUserPage :73 - Add User name  : Ananya011[[ChromeDriver: chrome on WINDOWS (7a020fcc45df71a908a145ee0002e419)] -> xpath: //input[@id='systemUser_userName']]
2021-12-13 21:12:09 INFO  AddUserPage :78 - Select User status  : Disabled[[ChromeDriver: chrome on WINDOWS (7a020fcc45df71a908a145ee0002e419)] -> xpath: //select[@id='systemUser_status']]
2021-12-13 21:12:123 INFO  AddUserPage :83 - Send Password : Abc@1234[[ChromeDriver: chrome on WINDOWS (7a020fcc45df71a908a145ee0002e419)] -> xpath: //input[@id='systemUser_password']]
2021-12-13 21:12:226 INFO  AddUserPage :88 - Send Confirm Password : Abc@1234[[ChromeDriver: chrome on WINDOWS (7a020fcc45df71a908a145ee0002e419)] -> xpath: //input[@id='systemUser_confirmPassword']]
2021-12-13 21:12:316 INFO  AddUserPage :93 - Click save button : [[ChromeDriver: chrome on WINDOWS (7a020fcc45df71a908a145ee0002e419)] -> xpath: //input[@id='btnSave']]
2021-12-13 21:12:353 INFO  AddUserPage :98 - Verify User saved message  : Successfully Saved[[ChromeDriver: chrome on WINDOWS (7a020fcc45df71a908a145ee0002e419)] -> xpath: //div[contains(text(),'Successfully Saved')]]
2021-12-13 21:12:375 INFO  ManageDriver :31 - Launching Chrome Browser
2021-12-13 21:12:863 INFO  LoginPage :37 - Verify text : Admin[[ChromeDriver: chrome on WINDOWS (a5346fa5113ec082acdef9a42e6b7ae5)] -> xpath: //input[@id='txtUsername']]
2021-12-13 21:12:964 INFO  LoginPage :41 - Verify text : admin123[[ChromeDriver: chrome on WINDOWS (a5346fa5113ec082acdef9a42e6b7ae5)] -> xpath: //input[@id='txtPassword']]
2021-12-13 21:12:575 INFO  LoginPage :45 - Verify text : [[ChromeDriver: chrome on WINDOWS (a5346fa5113ec082acdef9a42e6b7ae5)] -> xpath: //input[@id='btnLogin']]
2021-12-13 21:12:633 INFO  DashboardPage :36 - Click Admin tab : [[ChromeDriver: chrome on WINDOWS (a5346fa5113ec082acdef9a42e6b7ae5)] -> xpath: //b[normalize-space()='Admin']]
2021-12-13 21:12:678 INFO  AdminPage :29 - Verify User text  : System Users[[ChromeDriver: chrome on WINDOWS (a5346fa5113ec082acdef9a42e6b7ae5)] -> xpath: //h1[normalize-space()='System Users']]
2021-12-13 21:12:781 INFO  ViewSystemUsersPage :62 - Send User Name : Ananya011[[ChromeDriver: chrome on WINDOWS (a5346fa5113ec082acdef9a42e6b7ae5)] -> xpath: //input[@id='searchSystemUser_userName']]
2021-12-13 21:12:894 INFO  ViewSystemUsersPage :67 - Select UserRole : Admin[[ChromeDriver: chrome on WINDOWS (a5346fa5113ec082acdef9a42e6b7ae5)] -> xpath: //select[@id='searchSystemUser_userType']]
2021-12-13 21:12:995 INFO  ViewSystemUsersPage :72 - Select User Status : Disabled[[ChromeDriver: chrome on WINDOWS (a5346fa5113ec082acdef9a42e6b7ae5)] -> xpath: //select[@id='searchSystemUser_status']]
2021-12-13 21:12:489 INFO  ViewSystemUsersPage :77 - Select Search Button : [[ChromeDriver: chrome on WINDOWS (a5346fa5113ec082acdef9a42e6b7ae5)] -> xpath: //input[@id='searchBtn']]
2021-12-13 21:12:373 INFO  ManageDriver :31 - Launching Chrome Browser
2021-12-13 21:12:605 INFO  LoginPage :37 - Verify text : Admin[[ChromeDriver: chrome on WINDOWS (f93fa771f87a43eabd8644d9135c7c68)] -> xpath: //input[@id='txtUsername']]
2021-12-13 21:12:707 INFO  LoginPage :41 - Verify text : admin123[[ChromeDriver: chrome on WINDOWS (f93fa771f87a43eabd8644d9135c7c68)] -> xpath: //input[@id='txtPassword']]
2021-12-13 21:12:364 INFO  LoginPage :45 - Verify text : [[ChromeDriver: chrome on WINDOWS (f93fa771f87a43eabd8644d9135c7c68)] -> xpath: //input[@id='btnLogin']]
2021-12-13 21:12:253 INFO  DashboardPage :36 - Click Admin tab : [[ChromeDriver: chrome on WINDOWS (f93fa771f87a43eabd8644d9135c7c68)] -> xpath: //b[normalize-space()='Admin']]
2021-12-13 21:12:306 INFO  AdminPage :29 - Verify User text  : System Users[[ChromeDriver: chrome on WINDOWS (f93fa771f87a43eabd8644d9135c7c68)] -> xpath: //h1[normalize-space()='System Users']]
2021-12-13 21:12:390 INFO  ViewSystemUsersPage :62 - Send User Name : Ananya011[[ChromeDriver: chrome on WINDOWS (f93fa771f87a43eabd8644d9135c7c68)] -> xpath: //input[@id='searchSystemUser_userName']]
2021-12-13 21:12:488 INFO  ViewSystemUsersPage :67 - Select UserRole : Admin[[ChromeDriver: chrome on WINDOWS (f93fa771f87a43eabd8644d9135c7c68)] -> xpath: //select[@id='searchSystemUser_userType']]
2021-12-13 21:12:583 INFO  ViewSystemUsersPage :72 - Select User Status : Disabled[[ChromeDriver: chrome on WINDOWS (f93fa771f87a43eabd8644d9135c7c68)] -> xpath: //select[@id='searchSystemUser_status']]
2021-12-13 21:12:57 INFO  ViewSystemUsersPage :77 - Select Search Button : [[ChromeDriver: chrome on WINDOWS (f93fa771f87a43eabd8644d9135c7c68)] -> xpath: //input[@id='searchBtn']]
2021-12-13 21:12:675 INFO  ManageDriver :31 - Launching Chrome Browser
2021-12-13 21:12:243 INFO  LoginPage :37 - Verify text : Admin[[ChromeDriver: chrome on WINDOWS (20b70574091ed70a52dd6da8f5cfc8f9)] -> xpath: //input[@id='txtUsername']]
2021-12-13 21:12:354 INFO  LoginPage :41 - Verify text : admin123[[ChromeDriver: chrome on WINDOWS (20b70574091ed70a52dd6da8f5cfc8f9)] -> xpath: //input[@id='txtPassword']]
2021-12-13 21:12:19 INFO  LoginPage :45 - Verify text : [[ChromeDriver: chrome on WINDOWS (20b70574091ed70a52dd6da8f5cfc8f9)] -> xpath: //input[@id='btnLogin']]
2021-12-13 21:12:07 INFO  DashboardPage :36 - Click Admin tab : [[ChromeDriver: chrome on WINDOWS (20b70574091ed70a52dd6da8f5cfc8f9)] -> xpath: //b[normalize-space()='Admin']]
2021-12-13 21:12:64 INFO  AdminPage :29 - Verify User text  : System Users[[ChromeDriver: chrome on WINDOWS (20b70574091ed70a52dd6da8f5cfc8f9)] -> xpath: //h1[normalize-space()='System Users']]
2021-12-13 21:12:163 INFO  ViewSystemUsersPage :62 - Send User Name : Ananya011[[ChromeDriver: chrome on WINDOWS (20b70574091ed70a52dd6da8f5cfc8f9)] -> xpath: //input[@id='searchSystemUser_userName']]
2021-12-13 21:12:249 INFO  ViewSystemUsersPage :67 - Select UserRole : Admin[[ChromeDriver: chrome on WINDOWS (20b70574091ed70a52dd6da8f5cfc8f9)] -> xpath: //select[@id='searchSystemUser_userType']]
2021-12-13 21:12:340 INFO  ViewSystemUsersPage :72 - Select User Status : Disabled[[ChromeDriver: chrome on WINDOWS (20b70574091ed70a52dd6da8f5cfc8f9)] -> xpath: //select[@id='searchSystemUser_status']]
2021-12-13 21:12:816 INFO  ViewSystemUsersPage :77 - Select Search Button : [[ChromeDriver: chrome on WINDOWS (20b70574091ed70a52dd6da8f5cfc8f9)] -> xpath: //input[@id='searchBtn']]
2021-12-13 21:12:435 INFO  ManageDriver :31 - Launching Chrome Browser
2021-12-13 21:12:333 INFO  LoginPage :37 - Verify text : Admin[[ChromeDriver: chrome on WINDOWS (e8a7b63aa57b9e8d345f972d2f184429)] -> xpath: //input[@id='txtUsername']]
2021-12-13 21:12:404 INFO  LoginPage :41 - Verify text : admin123[[ChromeDriver: chrome on WINDOWS (e8a7b63aa57b9e8d345f972d2f184429)] -> xpath: //input[@id='txtPassword']]
2021-12-13 21:12:915 INFO  LoginPage :45 - Verify text : [[ChromeDriver: chrome on WINDOWS (e8a7b63aa57b9e8d345f972d2f184429)] -> xpath: //input[@id='btnLogin']]
2021-12-13 21:12:778 INFO  DashboardPage :36 - Click Admin tab : [[ChromeDriver: chrome on WINDOWS (e8a7b63aa57b9e8d345f972d2f184429)] -> xpath: //b[normalize-space()='Admin']]
2021-12-13 21:12:819 INFO  AdminPage :29 - Verify User text  : System Users[[ChromeDriver: chrome on WINDOWS (e8a7b63aa57b9e8d345f972d2f184429)] -> xpath: //h1[normalize-space()='System Users']]
2021-12-13 21:12:277 INFO  AdminPage :34 - Click Add button  : [[ChromeDriver: chrome on WINDOWS (e8a7b63aa57b9e8d345f972d2f184429)] -> xpath: //input[@id='btnAdd']]
2021-12-13 21:12:344 INFO  AddUserPage :58 - Verify Add user text  : Add User[[ChromeDriver: chrome on WINDOWS (e8a7b63aa57b9e8d345f972d2f184429)] -> xpath: //h1[@id='UserHeading']]
2021-12-13 21:12:431 INFO  AddUserPage :63 - Send User role  : Admin[[ChromeDriver: chrome on WINDOWS (e8a7b63aa57b9e8d345f972d2f184429)] -> xpath: //select[@id='systemUser_userType']]
2021-12-13 21:12:540 INFO  AddUserPage :68 - Add Employee name  : Ananya Dash[[ChromeDriver: chrome on WINDOWS (e8a7b63aa57b9e8d345f972d2f184429)] -> xpath: //input[@id='systemUser_employeeName_empName']]
2021-12-13 21:12:648 INFO  AddUserPage :73 - Add User name  : Ananya012[[ChromeDriver: chrome on WINDOWS (e8a7b63aa57b9e8d345f972d2f184429)] -> xpath: //input[@id='systemUser_userName']]
2021-12-13 21:12:724 INFO  AddUserPage :78 - Select User status  : Disabled[[ChromeDriver: chrome on WINDOWS (e8a7b63aa57b9e8d345f972d2f184429)] -> xpath: //select[@id='systemUser_status']]
2021-12-13 21:12:819 INFO  AddUserPage :83 - Send Password : Abc@1234[[ChromeDriver: chrome on WINDOWS (e8a7b63aa57b9e8d345f972d2f184429)] -> xpath: //input[@id='systemUser_password']]
2021-12-13 21:12:900 INFO  AddUserPage :88 - Send Confirm Password : Abc@1234[[ChromeDriver: chrome on WINDOWS (e8a7b63aa57b9e8d345f972d2f184429)] -> xpath: //input[@id='systemUser_confirmPassword']]
2021-12-13 21:12:961 INFO  AddUserPage :93 - Click save button : [[ChromeDriver: chrome on WINDOWS (e8a7b63aa57b9e8d345f972d2f184429)] -> xpath: //input[@id='btnSave']]
2021-12-13 21:12:990 INFO  AddUserPage :98 - Verify User saved message  : Successfully Saved[[ChromeDriver: chrome on WINDOWS (e8a7b63aa57b9e8d345f972d2f184429)] -> xpath: //div[contains(text(),'Successfully Saved')]]
2021-12-13 21:12:08 INFO  ManageDriver :31 - Launching Chrome Browser
2021-12-13 21:12:407 INFO  LoginPage :37 - Verify text : Admin[[ChromeDriver: chrome on WINDOWS (f1e2bbedbcc25754d9e954fe8f179464)] -> xpath: //input[@id='txtUsername']]
2021-12-13 21:12:492 INFO  LoginPage :41 - Verify text : admin123[[ChromeDriver: chrome on WINDOWS (f1e2bbedbcc25754d9e954fe8f179464)] -> xpath: //input[@id='txtPassword']]
2021-12-13 21:12:961 INFO  LoginPage :45 - Verify text : [[ChromeDriver: chrome on WINDOWS (f1e2bbedbcc25754d9e954fe8f179464)] -> xpath: //input[@id='btnLogin']]
2021-12-13 21:12:82 INFO  DashboardPage :36 - Click Admin tab : [[ChromeDriver: chrome on WINDOWS (f1e2bbedbcc25754d9e954fe8f179464)] -> xpath: //b[normalize-space()='Admin']]
2021-12-13 21:12:124 INFO  AdminPage :29 - Verify User text  : System Users[[ChromeDriver: chrome on WINDOWS (f1e2bbedbcc25754d9e954fe8f179464)] -> xpath: //h1[normalize-space()='System Users']]
2021-12-13 21:12:204 INFO  ViewSystemUsersPage :62 - Send User Name : Ananya012[[ChromeDriver: chrome on WINDOWS (f1e2bbedbcc25754d9e954fe8f179464)] -> xpath: //input[@id='searchSystemUser_userName']]
2021-12-13 21:12:285 INFO  ViewSystemUsersPage :67 - Select UserRole : Admin[[ChromeDriver: chrome on WINDOWS (f1e2bbedbcc25754d9e954fe8f179464)] -> xpath: //select[@id='searchSystemUser_userType']]
2021-12-13 21:12:395 INFO  ViewSystemUsersPage :72 - Select User Status : Disabled[[ChromeDriver: chrome on WINDOWS (f1e2bbedbcc25754d9e954fe8f179464)] -> xpath: //select[@id='searchSystemUser_status']]
2021-12-13 21:12:804 INFO  ViewSystemUsersPage :77 - Select Search Button : [[ChromeDriver: chrome on WINDOWS (f1e2bbedbcc25754d9e954fe8f179464)] -> xpath: //input[@id='searchBtn']]
2021-12-13 21:12:874 INFO  ManageDriver :31 - Launching Chrome Browser
2021-12-13 21:12:427 INFO  LoginPage :37 - Verify text : Admin[[ChromeDriver: chrome on WINDOWS (04e0d6bf71b09fe4ce24a00eadd9d3ab)] -> xpath: //input[@id='txtUsername']]
2021-12-13 21:12:512 INFO  LoginPage :41 - Verify text : admin123[[ChromeDriver: chrome on WINDOWS (04e0d6bf71b09fe4ce24a00eadd9d3ab)] -> xpath: //input[@id='txtPassword']]
2021-12-13 21:12:160 INFO  LoginPage :45 - Verify text : [[ChromeDriver: chrome on WINDOWS (04e0d6bf71b09fe4ce24a00eadd9d3ab)] -> xpath: //input[@id='btnLogin']]
2021-12-13 21:12:200 INFO  DashboardPage :36 - Click Admin tab : [[ChromeDriver: chrome on WINDOWS (04e0d6bf71b09fe4ce24a00eadd9d3ab)] -> xpath: //b[normalize-space()='Admin']]
2021-12-13 21:12:238 INFO  AdminPage :29 - Verify User text  : System Users[[ChromeDriver: chrome on WINDOWS (04e0d6bf71b09fe4ce24a00eadd9d3ab)] -> xpath: //h1[normalize-space()='System Users']]
2021-12-13 21:12:315 INFO  ViewSystemUsersPage :62 - Send User Name : Ananya012[[ChromeDriver: chrome on WINDOWS (04e0d6bf71b09fe4ce24a00eadd9d3ab)] -> xpath: //input[@id='searchSystemUser_userName']]
2021-12-13 21:12:396 INFO  ViewSystemUsersPage :67 - Select UserRole : Admin[[ChromeDriver: chrome on WINDOWS (04e0d6bf71b09fe4ce24a00eadd9d3ab)] -> xpath: //select[@id='searchSystemUser_userType']]
2021-12-13 21:12:472 INFO  ViewSystemUsersPage :72 - Select User Status : Disabled[[ChromeDriver: chrome on WINDOWS (04e0d6bf71b09fe4ce24a00eadd9d3ab)] -> xpath: //select[@id='searchSystemUser_status']]
2021-12-13 21:12:885 INFO  ViewSystemUsersPage :77 - Select Search Button : [[ChromeDriver: chrome on WINDOWS (04e0d6bf71b09fe4ce24a00eadd9d3ab)] -> xpath: //input[@id='searchBtn']]
2021-12-13 21:12:936 INFO  ManageDriver :31 - Launching Chrome Browser
2021-12-13 21:12:251 INFO  LoginPage :37 - Verify text : Admin[[ChromeDriver: chrome on WINDOWS (c78435447e2b35c7ce124063b4a2c6cb)] -> xpath: //input[@id='txtUsername']]
2021-12-13 21:12:324 INFO  LoginPage :41 - Verify text : admin123[[ChromeDriver: chrome on WINDOWS (c78435447e2b35c7ce124063b4a2c6cb)] -> xpath: //input[@id='txtPassword']]
2021-12-13 21:12:887 INFO  LoginPage :45 - Verify text : [[ChromeDriver: chrome on WINDOWS (c78435447e2b35c7ce124063b4a2c6cb)] -> xpath: //input[@id='btnLogin']]
2021-12-13 21:12:985 INFO  DashboardPage :36 - Click Admin tab : [[ChromeDriver: chrome on WINDOWS (c78435447e2b35c7ce124063b4a2c6cb)] -> xpath: //b[normalize-space()='Admin']]
2021-12-13 21:12:22 INFO  AdminPage :29 - Verify User text  : System Users[[ChromeDriver: chrome on WINDOWS (c78435447e2b35c7ce124063b4a2c6cb)] -> xpath: //h1[normalize-space()='System Users']]
2021-12-13 21:12:99 INFO  ViewSystemUsersPage :62 - Send User Name : Ananya012[[ChromeDriver: chrome on WINDOWS (c78435447e2b35c7ce124063b4a2c6cb)] -> xpath: //input[@id='searchSystemUser_userName']]
2021-12-13 21:12:180 INFO  ViewSystemUsersPage :67 - Select UserRole : Admin[[ChromeDriver: chrome on WINDOWS (c78435447e2b35c7ce124063b4a2c6cb)] -> xpath: //select[@id='searchSystemUser_userType']]
2021-12-13 21:12:253 INFO  ViewSystemUsersPage :72 - Select User Status : Disabled[[ChromeDriver: chrome on WINDOWS (c78435447e2b35c7ce124063b4a2c6cb)] -> xpath: //select[@id='searchSystemUser_status']]
2021-12-13 21:12:680 INFO  ViewSystemUsersPage :77 - Select Search Button : [[ChromeDriver: chrome on WINDOWS (c78435447e2b35c7ce124063b4a2c6cb)] -> xpath: //input[@id='searchBtn']]
2021-12-13 21:12:670 INFO  ManageDriver :31 - Launching Chrome Browser
2021-12-13 21:12:584 INFO  LoginPage :37 - Verify text : Admin[[ChromeDriver: chrome on WINDOWS (be591d4577079324bdddd7345f36ab24)] -> xpath: //input[@id='txtUsername']]
2021-12-13 21:12:661 INFO  LoginPage :41 - Verify text : admin123[[ChromeDriver: chrome on WINDOWS (be591d4577079324bdddd7345f36ab24)] -> xpath: //input[@id='txtPassword']]
2021-12-13 21:12:771 INFO  LoginPage :45 - Verify text : [[ChromeDriver: chrome on WINDOWS (be591d4577079324bdddd7345f36ab24)] -> xpath: //input[@id='btnLogin']]
2021-12-13 21:12:236 INFO  DashboardPage :36 - Click Admin tab : [[ChromeDriver: chrome on WINDOWS (be591d4577079324bdddd7345f36ab24)] -> xpath: //b[normalize-space()='Admin']]
2021-12-13 21:12:279 INFO  AdminPage :29 - Verify User text  : System Users[[ChromeDriver: chrome on WINDOWS (be591d4577079324bdddd7345f36ab24)] -> xpath: //h1[normalize-space()='System Users']]
2021-12-13 21:12:844 INFO  AdminPage :34 - Click Add button  : [[ChromeDriver: chrome on WINDOWS (be591d4577079324bdddd7345f36ab24)] -> xpath: //input[@id='btnAdd']]
2021-12-13 21:12:887 INFO  AddUserPage :58 - Verify Add user text  : Add User[[ChromeDriver: chrome on WINDOWS (be591d4577079324bdddd7345f36ab24)] -> xpath: //h1[@id='UserHeading']]
2021-12-13 21:12:973 INFO  AddUserPage :63 - Send User role  : Admin[[ChromeDriver: chrome on WINDOWS (be591d4577079324bdddd7345f36ab24)] -> xpath: //select[@id='systemUser_userType']]
2021-12-13 21:12:74 INFO  AddUserPage :68 - Add Employee name  : Ananya Dash[[ChromeDriver: chrome on WINDOWS (be591d4577079324bdddd7345f36ab24)] -> xpath: //input[@id='systemUser_employeeName_empName']]
2021-12-13 21:12:187 INFO  AddUserPage :73 - Add User name  : Ananya010[[ChromeDriver: chrome on WINDOWS (be591d4577079324bdddd7345f36ab24)] -> xpath: //input[@id='systemUser_userName']]
2021-12-13 21:12:263 INFO  AddUserPage :78 - Select User status  : Disabled[[ChromeDriver: chrome on WINDOWS (be591d4577079324bdddd7345f36ab24)] -> xpath: //select[@id='systemUser_status']]
2021-12-13 21:12:354 INFO  AddUserPage :83 - Send Password : Abc@1234[[ChromeDriver: chrome on WINDOWS (be591d4577079324bdddd7345f36ab24)] -> xpath: //input[@id='systemUser_password']]
2021-12-13 21:12:438 INFO  AddUserPage :88 - Send Confirm Password : Abc@1234[[ChromeDriver: chrome on WINDOWS (be591d4577079324bdddd7345f36ab24)] -> xpath: //input[@id='systemUser_confirmPassword']]
2021-12-13 21:12:503 INFO  AddUserPage :93 - Click save button : [[ChromeDriver: chrome on WINDOWS (be591d4577079324bdddd7345f36ab24)] -> xpath: //input[@id='btnSave']]
2021-12-13 21:12:531 INFO  AddUserPage :98 - Verify User saved message  : Successfully Saved[[ChromeDriver: chrome on WINDOWS (be591d4577079324bdddd7345f36ab24)] -> xpath: //div[contains(text(),'Successfully Saved')]]
2021-12-13 21:12:555 INFO  ManageDriver :31 - Launching Chrome Browser
2021-12-13 21:12:796 INFO  LoginPage :37 - Verify text : Admin[[ChromeDriver: chrome on WINDOWS (6a39b4230ee0e2deb1791317b300f5ac)] -> xpath: //input[@id='txtUsername']]
2021-12-13 21:12:889 INFO  LoginPage :41 - Verify text : admin123[[ChromeDriver: chrome on WINDOWS (6a39b4230ee0e2deb1791317b300f5ac)] -> xpath: //input[@id='txtPassword']]
2021-12-13 21:12:394 INFO  LoginPage :45 - Verify text : [[ChromeDriver: chrome on WINDOWS (6a39b4230ee0e2deb1791317b300f5ac)] -> xpath: //input[@id='btnLogin']]
2021-12-13 21:12:331 INFO  DashboardPage :36 - Click Admin tab : [[ChromeDriver: chrome on WINDOWS (6a39b4230ee0e2deb1791317b300f5ac)] -> xpath: //b[normalize-space()='Admin']]
2021-12-13 21:12:376 INFO  AdminPage :29 - Verify User text  : System Users[[ChromeDriver: chrome on WINDOWS (6a39b4230ee0e2deb1791317b300f5ac)] -> xpath: //h1[normalize-space()='System Users']]
2021-12-13 21:12:456 INFO  ViewSystemUsersPage :62 - Send User Name : Ananya010[[ChromeDriver: chrome on WINDOWS (6a39b4230ee0e2deb1791317b300f5ac)] -> xpath: //input[@id='searchSystemUser_userName']]
2021-12-13 21:12:539 INFO  ViewSystemUsersPage :67 - Select UserRole : Admin[[ChromeDriver: chrome on WINDOWS (6a39b4230ee0e2deb1791317b300f5ac)] -> xpath: //select[@id='searchSystemUser_userType']]
2021-12-13 21:12:610 INFO  ViewSystemUsersPage :72 - Select User Status : Disabled[[ChromeDriver: chrome on WINDOWS (6a39b4230ee0e2deb1791317b300f5ac)] -> xpath: //select[@id='searchSystemUser_status']]
2021-12-13 21:12:04 INFO  ViewSystemUsersPage :77 - Select Search Button : [[ChromeDriver: chrome on WINDOWS (6a39b4230ee0e2deb1791317b300f5ac)] -> xpath: //input[@id='searchBtn']]
2021-12-13 21:12:55 INFO  ViewSystemUsersPage :84 - Verify User list : Ananya010[[ChromeDriver: chrome on WINDOWS (6a39b4230ee0e2deb1791317b300f5ac)] -> xpath: //a[normalize-space()='Ananya010']]
2021-12-13 21:12:78 INFO  ManageDriver :31 - Launching Chrome Browser
2021-12-13 21:12:301 INFO  LoginPage :37 - Verify text : Admin[[ChromeDriver: chrome on WINDOWS (7ced2ae2ffddad110873a4c32a4ea865)] -> xpath: //input[@id='txtUsername']]
2021-12-13 21:12:374 INFO  LoginPage :41 - Verify text : admin123[[ChromeDriver: chrome on WINDOWS (7ced2ae2ffddad110873a4c32a4ea865)] -> xpath: //input[@id='txtPassword']]
2021-12-13 21:12:945 INFO  LoginPage :45 - Verify text : [[ChromeDriver: chrome on WINDOWS (7ced2ae2ffddad110873a4c32a4ea865)] -> xpath: //input[@id='btnLogin']]
2021-12-13 21:12:120 INFO  DashboardPage :36 - Click Admin tab : [[ChromeDriver: chrome on WINDOWS (7ced2ae2ffddad110873a4c32a4ea865)] -> xpath: //b[normalize-space()='Admin']]
2021-12-13 21:12:153 INFO  AdminPage :29 - Verify User text  : System Users[[ChromeDriver: chrome on WINDOWS (7ced2ae2ffddad110873a4c32a4ea865)] -> xpath: //h1[normalize-space()='System Users']]
2021-12-13 21:12:231 INFO  ViewSystemUsersPage :62 - Send User Name : Ananya010[[ChromeDriver: chrome on WINDOWS (7ced2ae2ffddad110873a4c32a4ea865)] -> xpath: //input[@id='searchSystemUser_userName']]
2021-12-13 21:12:311 INFO  ViewSystemUsersPage :67 - Select UserRole : Admin[[ChromeDriver: chrome on WINDOWS (7ced2ae2ffddad110873a4c32a4ea865)] -> xpath: //select[@id='searchSystemUser_userType']]
2021-12-13 21:12:383 INFO  ViewSystemUsersPage :72 - Select User Status : Disabled[[ChromeDriver: chrome on WINDOWS (7ced2ae2ffddad110873a4c32a4ea865)] -> xpath: //select[@id='searchSystemUser_status']]
2021-12-13 21:12:853 INFO  ViewSystemUsersPage :77 - Select Search Button : [[ChromeDriver: chrome on WINDOWS (7ced2ae2ffddad110873a4c32a4ea865)] -> xpath: //input[@id='searchBtn']]
2021-12-13 21:12:896 INFO  ViewSystemUsersPage :84 - Verify User list : Ananya010[[ChromeDriver: chrome on WINDOWS (7ced2ae2ffddad110873a4c32a4ea865)] -> xpath: //a[normalize-space()='Ananya010']]
2021-12-13 21:12:986 INFO  ManageDriver :31 - Launching Chrome Browser
2021-12-13 21:12:247 INFO  LoginPage :37 - Verify text : Admin[[ChromeDriver: chrome on WINDOWS (641ca0cd52669f932fb8752c3f1a4378)] -> xpath: //input[@id='txtUsername']]
2021-12-13 21:12:331 INFO  LoginPage :41 - Verify text : admin123[[ChromeDriver: chrome on WINDOWS (641ca0cd52669f932fb8752c3f1a4378)] -> xpath: //input[@id='txtPassword']]
2021-12-13 21:12:19 INFO  LoginPage :45 - Verify text : [[ChromeDriver: chrome on WINDOWS (641ca0cd52669f932fb8752c3f1a4378)] -> xpath: //input[@id='btnLogin']]
2021-12-13 21:12:133 INFO  DashboardPage :36 - Click Admin tab : [[ChromeDriver: chrome on WINDOWS (641ca0cd52669f932fb8752c3f1a4378)] -> xpath: //b[normalize-space()='Admin']]
2021-12-13 21:12:168 INFO  AdminPage :29 - Verify User text  : System Users[[ChromeDriver: chrome on WINDOWS (641ca0cd52669f932fb8752c3f1a4378)] -> xpath: //h1[normalize-space()='System Users']]
2021-12-13 21:12:249 INFO  ViewSystemUsersPage :62 - Send User Name : Ananya010[[ChromeDriver: chrome on WINDOWS (641ca0cd52669f932fb8752c3f1a4378)] -> xpath: //input[@id='searchSystemUser_userName']]
2021-12-13 21:12:330 INFO  ViewSystemUsersPage :67 - Select UserRole : Admin[[ChromeDriver: chrome on WINDOWS (641ca0cd52669f932fb8752c3f1a4378)] -> xpath: //select[@id='searchSystemUser_userType']]
2021-12-13 21:12:405 INFO  ViewSystemUsersPage :72 - Select User Status : Disabled[[ChromeDriver: chrome on WINDOWS (641ca0cd52669f932fb8752c3f1a4378)] -> xpath: //select[@id='searchSystemUser_status']]
2021-12-13 21:12:821 INFO  ViewSystemUsersPage :77 - Select Search Button : [[ChromeDriver: chrome on WINDOWS (641ca0cd52669f932fb8752c3f1a4378)] -> xpath: //input[@id='searchBtn']]
2021-12-13 22:12:726 INFO  ManageDriver :31 - Launching Chrome Browser
2021-12-13 22:12:320 INFO  LoginPage :37 - Verify text : Admin[[ChromeDriver: chrome on WINDOWS (d337776ed33352d87dcdb770e9b38b52)] -> xpath: //input[@id='txtUsername']]
2021-12-13 22:12:391 INFO  LoginPage :41 - Verify text : admin123[[ChromeDriver: chrome on WINDOWS (d337776ed33352d87dcdb770e9b38b52)] -> xpath: //input[@id='txtPassword']]
2021-12-13 22:12:52 INFO  LoginPage :45 - Verify text : [[ChromeDriver: chrome on WINDOWS (d337776ed33352d87dcdb770e9b38b52)] -> xpath: //input[@id='btnLogin']]
2021-12-13 22:12:867 INFO  DashboardPage :36 - Click Admin tab : [[ChromeDriver: chrome on WINDOWS (d337776ed33352d87dcdb770e9b38b52)] -> xpath: //b[normalize-space()='Admin']]
2021-12-13 22:12:918 INFO  AdminPage :29 - Verify User text  : System Users[[ChromeDriver: chrome on WINDOWS (d337776ed33352d87dcdb770e9b38b52)] -> xpath: //h1[normalize-space()='System Users']]
2021-12-13 22:12:421 INFO  AdminPage :34 - Click Add button  : [[ChromeDriver: chrome on WINDOWS (d337776ed33352d87dcdb770e9b38b52)] -> xpath: //input[@id='btnAdd']]
2021-12-13 22:12:474 INFO  AddUserPage :58 - Verify Add user text  : Add User[[ChromeDriver: chrome on WINDOWS (d337776ed33352d87dcdb770e9b38b52)] -> xpath: //h1[@id='UserHeading']]
2021-12-13 22:12:557 INFO  AddUserPage :63 - Send User role  : Admin[[ChromeDriver: chrome on WINDOWS (d337776ed33352d87dcdb770e9b38b52)] -> xpath: //select[@id='systemUser_userType']]
2021-12-13 22:12:662 INFO  AddUserPage :68 - Add Employee name  : Ananya Dash[[ChromeDriver: chrome on WINDOWS (d337776ed33352d87dcdb770e9b38b52)] -> xpath: //input[@id='systemUser_employeeName_empName']]
2021-12-13 22:12:777 INFO  AddUserPage :73 - Add User name  : Ananya005[[ChromeDriver: chrome on WINDOWS (d337776ed33352d87dcdb770e9b38b52)] -> xpath: //input[@id='systemUser_userName']]
2021-12-13 22:12:855 INFO  AddUserPage :78 - Select User status  : Disabled[[ChromeDriver: chrome on WINDOWS (d337776ed33352d87dcdb770e9b38b52)] -> xpath: //select[@id='systemUser_status']]
2021-12-13 22:12:954 INFO  AddUserPage :83 - Send Password : Abc@1234[[ChromeDriver: chrome on WINDOWS (d337776ed33352d87dcdb770e9b38b52)] -> xpath: //input[@id='systemUser_password']]
2021-12-13 22:12:38 INFO  AddUserPage :88 - Send Confirm Password : Abc@1234[[ChromeDriver: chrome on WINDOWS (d337776ed33352d87dcdb770e9b38b52)] -> xpath: //input[@id='systemUser_confirmPassword']]
2021-12-13 22:12:105 INFO  AddUserPage :93 - Click save button : [[ChromeDriver: chrome on WINDOWS (d337776ed33352d87dcdb770e9b38b52)] -> xpath: //input[@id='btnSave']]
2021-12-13 22:12:136 INFO  AddUserPage :98 - Verify User saved message  : Successfully Saved[[ChromeDriver: chrome on WINDOWS (d337776ed33352d87dcdb770e9b38b52)] -> xpath: //div[contains(text(),'Successfully Saved')]]
2021-12-13 22:12:157 INFO  ManageDriver :31 - Launching Chrome Browser
2021-12-13 22:12:383 INFO  LoginPage :37 - Verify text : Admin[[ChromeDriver: chrome on WINDOWS (430e290cc521463e1d2f29b29babf8e6)] -> xpath: //input[@id='txtUsername']]
2021-12-13 22:12:463 INFO  LoginPage :41 - Verify text : admin123[[ChromeDriver: chrome on WINDOWS (430e290cc521463e1d2f29b29babf8e6)] -> xpath: //input[@id='txtPassword']]
2021-12-13 22:12:930 INFO  LoginPage :45 - Verify text : [[ChromeDriver: chrome on WINDOWS (430e290cc521463e1d2f29b29babf8e6)] -> xpath: //input[@id='btnLogin']]
2021-12-13 22:12:742 INFO  DashboardPage :36 - Click Admin tab : [[ChromeDriver: chrome on WINDOWS (430e290cc521463e1d2f29b29babf8e6)] -> xpath: //b[normalize-space()='Admin']]
2021-12-13 22:12:786 INFO  AdminPage :29 - Verify User text  : System Users[[ChromeDriver: chrome on WINDOWS (430e290cc521463e1d2f29b29babf8e6)] -> xpath: //h1[normalize-space()='System Users']]
2021-12-13 22:12:876 INFO  ViewSystemUsersPage :62 - Send User Name : Ananya005[[ChromeDriver: chrome on WINDOWS (430e290cc521463e1d2f29b29babf8e6)] -> xpath: //input[@id='searchSystemUser_userName']]
2021-12-13 22:12:960 INFO  ViewSystemUsersPage :67 - Select UserRole : Admin[[ChromeDriver: chrome on WINDOWS (430e290cc521463e1d2f29b29babf8e6)] -> xpath: //select[@id='searchSystemUser_userType']]
2021-12-13 22:12:63 INFO  ViewSystemUsersPage :72 - Select User Status : Disabled[[ChromeDriver: chrome on WINDOWS (430e290cc521463e1d2f29b29babf8e6)] -> xpath: //select[@id='searchSystemUser_status']]
2021-12-13 22:12:460 INFO  ViewSystemUsersPage :77 - Select Search Button : [[ChromeDriver: chrome on WINDOWS (430e290cc521463e1d2f29b29babf8e6)] -> xpath: //input[@id='searchBtn']]
2021-12-13 22:12:499 INFO  ViewSystemUsersPage :84 - Verify User list : Ananya005[[ChromeDriver: chrome on WINDOWS (430e290cc521463e1d2f29b29babf8e6)] -> xpath: //a[normalize-space()='Ananya005']]
2021-12-13 22:12:524 INFO  ManageDriver :31 - Launching Chrome Browser
2021-12-13 22:12:871 INFO  LoginPage :37 - Verify text : Admin[[ChromeDriver: chrome on WINDOWS (be8dab3762c829ed9d48e7a3c5fc65c2)] -> xpath: //input[@id='txtUsername']]
2021-12-13 22:12:942 INFO  LoginPage :41 - Verify text : admin123[[ChromeDriver: chrome on WINDOWS (be8dab3762c829ed9d48e7a3c5fc65c2)] -> xpath: //input[@id='txtPassword']]
2021-12-13 22:12:484 INFO  LoginPage :45 - Verify text : [[ChromeDriver: chrome on WINDOWS (be8dab3762c829ed9d48e7a3c5fc65c2)] -> xpath: //input[@id='btnLogin']]
2021-12-13 22:12:622 INFO  DashboardPage :36 - Click Admin tab : [[ChromeDriver: chrome on WINDOWS (be8dab3762c829ed9d48e7a3c5fc65c2)] -> xpath: //b[normalize-space()='Admin']]
2021-12-13 22:12:659 INFO  AdminPage :29 - Verify User text  : System Users[[ChromeDriver: chrome on WINDOWS (be8dab3762c829ed9d48e7a3c5fc65c2)] -> xpath: //h1[normalize-space()='System Users']]
2021-12-13 22:12:733 INFO  ViewSystemUsersPage :62 - Send User Name : Ananya005[[ChromeDriver: chrome on WINDOWS (be8dab3762c829ed9d48e7a3c5fc65c2)] -> xpath: //input[@id='searchSystemUser_userName']]
2021-12-13 22:12:812 INFO  ViewSystemUsersPage :67 - Select UserRole : Admin[[ChromeDriver: chrome on WINDOWS (be8dab3762c829ed9d48e7a3c5fc65c2)] -> xpath: //select[@id='searchSystemUser_userType']]
2021-12-13 22:12:885 INFO  ViewSystemUsersPage :72 - Select User Status : Disabled[[ChromeDriver: chrome on WINDOWS (be8dab3762c829ed9d48e7a3c5fc65c2)] -> xpath: //select[@id='searchSystemUser_status']]
2021-12-13 22:12:286 INFO  ViewSystemUsersPage :77 - Select Search Button : [[ChromeDriver: chrome on WINDOWS (be8dab3762c829ed9d48e7a3c5fc65c2)] -> xpath: //input[@id='searchBtn']]
2021-12-13 22:12:328 INFO  ViewSystemUsersPage :84 - Verify User list : Ananya005[[ChromeDriver: chrome on WINDOWS (be8dab3762c829ed9d48e7a3c5fc65c2)] -> xpath: //a[normalize-space()='Ananya005']]
2021-12-13 22:12:392 INFO  ViewSystemUsersPage :89 - Select Check box : [[ChromeDriver: chrome on WINDOWS (be8dab3762c829ed9d48e7a3c5fc65c2)] -> css selector: #ohrmList_chkSelectAll]
2021-12-13 22:12:456 INFO  ViewSystemUsersPage :94 - Click Delete Button : [[ChromeDriver: chrome on WINDOWS (be8dab3762c829ed9d48e7a3c5fc65c2)] -> xpath: //input[@id='btnDelete']]
2021-12-13 22:12:241 INFO  ViewSystemUsersPage :99 - Click Delete Popup : [[ChromeDriver: chrome on WINDOWS (be8dab3762c829ed9d48e7a3c5fc65c2)] -> xpath: //input[@id='dialogDeleteBtn']]
2021-12-13 22:12:294 INFO  ViewSystemUsersPage :105 - Verify user delete message: Successfully Deleted[[ChromeDriver: chrome on WINDOWS (be8dab3762c829ed9d48e7a3c5fc65c2)] -> xpath: //div[contains(text(),'Successfully Deleted')]]
2021-12-13 22:12:306 INFO  ManageDriver :31 - Launching Chrome Browser
2021-12-13 22:12:688 INFO  LoginPage :37 - Verify text : Admin[[ChromeDriver: chrome on WINDOWS (5f32d20b4f2db4bfa44bc08fdb5a185a)] -> xpath: //input[@id='txtUsername']]
2021-12-13 22:12:768 INFO  LoginPage :41 - Verify text : admin123[[ChromeDriver: chrome on WINDOWS (5f32d20b4f2db4bfa44bc08fdb5a185a)] -> xpath: //input[@id='txtPassword']]
2021-12-13 22:12:255 INFO  LoginPage :45 - Verify text : [[ChromeDriver: chrome on WINDOWS (5f32d20b4f2db4bfa44bc08fdb5a185a)] -> xpath: //input[@id='btnLogin']]
2021-12-13 22:12:338 INFO  DashboardPage :36 - Click Admin tab : [[ChromeDriver: chrome on WINDOWS (5f32d20b4f2db4bfa44bc08fdb5a185a)] -> xpath: //b[normalize-space()='Admin']]
2021-12-13 22:12:379 INFO  AdminPage :29 - Verify User text  : System Users[[ChromeDriver: chrome on WINDOWS (5f32d20b4f2db4bfa44bc08fdb5a185a)] -> xpath: //h1[normalize-space()='System Users']]
2021-12-13 22:12:453 INFO  ViewSystemUsersPage :62 - Send User Name : Ananya005[[ChromeDriver: chrome on WINDOWS (5f32d20b4f2db4bfa44bc08fdb5a185a)] -> xpath: //input[@id='searchSystemUser_userName']]
2021-12-13 22:12:529 INFO  ViewSystemUsersPage :67 - Select UserRole : Admin[[ChromeDriver: chrome on WINDOWS (5f32d20b4f2db4bfa44bc08fdb5a185a)] -> xpath: //select[@id='searchSystemUser_userType']]
2021-12-13 22:12:602 INFO  ViewSystemUsersPage :72 - Select User Status : Disabled[[ChromeDriver: chrome on WINDOWS (5f32d20b4f2db4bfa44bc08fdb5a185a)] -> xpath: //select[@id='searchSystemUser_status']]
2021-12-13 22:12:10 INFO  ViewSystemUsersPage :77 - Select Search Button : [[ChromeDriver: chrome on WINDOWS (5f32d20b4f2db4bfa44bc08fdb5a185a)] -> xpath: //input[@id='searchBtn']]
2021-12-13 22:12:48 INFO  ViewSystemUsersPage :111 - Verify No record message : No Records Found[[ChromeDriver: chrome on WINDOWS (5f32d20b4f2db4bfa44bc08fdb5a185a)] -> xpath: //td[normalize-space()='No Records Found']]
2021-12-14 09:12:420 INFO  ManageDriver :31 - Launching Chrome Browser
2021-12-14 09:12:450 INFO  LoginPage :37 - Verify text : Admin[[ChromeDriver: chrome on WINDOWS (6b7f2e4c9292f628660feadb8d93d3f2)] -> xpath: //input[@id='txtUsername']]
2021-12-14 09:12:547 INFO  LoginPage :41 - Verify text : admin123[[ChromeDriver: chrome on WINDOWS (6b7f2e4c9292f628660feadb8d93d3f2)] -> xpath: //input[@id='txtPassword']]
2021-12-14 09:12:60 INFO  LoginPage :45 - Verify text : [[ChromeDriver: chrome on WINDOWS (6b7f2e4c9292f628660feadb8d93d3f2)] -> xpath: //input[@id='btnLogin']]
2021-12-14 09:12:114 INFO  HomePage :46 - Verify Displayed Welcome text : welcome[[ChromeDriver: chrome on WINDOWS (6b7f2e4c9292f628660feadb8d93d3f2)] -> xpath: //a[@id='welcome']]
2021-12-14 09:12:155 INFO  ManageDriver :31 - Launching Chrome Browser
2021-12-14 09:12:698 INFO  LoginPage :37 - Verify text : Admin[[ChromeDriver: chrome on WINDOWS (c204a4014ef6d073fa229e6f5509761c)] -> xpath: //input[@id='txtUsername']]
2021-12-14 09:12:823 INFO  LoginPage :41 - Verify text : admin123[[ChromeDriver: chrome on WINDOWS (c204a4014ef6d073fa229e6f5509761c)] -> xpath: //input[@id='txtPassword']]
2021-12-14 09:12:486 INFO  LoginPage :45 - Verify text : [[ChromeDriver: chrome on WINDOWS (c204a4014ef6d073fa229e6f5509761c)] -> xpath: //input[@id='btnLogin']]
2021-12-14 09:12:503 INFO  DashboardPage :36 - Click Admin tab : [[ChromeDriver: chrome on WINDOWS (c204a4014ef6d073fa229e6f5509761c)] -> xpath: //b[normalize-space()='Admin']]
2021-12-14 09:12:561 INFO  AdminPage :29 - Verify User text  : System Users[[ChromeDriver: chrome on WINDOWS (c204a4014ef6d073fa229e6f5509761c)] -> xpath: //h1[normalize-space()='System Users']]
2021-12-14 09:12:75 INFO  AdminPage :34 - Click Add button  : [[ChromeDriver: chrome on WINDOWS (c204a4014ef6d073fa229e6f5509761c)] -> xpath: //input[@id='btnAdd']]
2021-12-14 09:12:133 INFO  AddUserPage :58 - Verify Add user text  : Add User[[ChromeDriver: chrome on WINDOWS (c204a4014ef6d073fa229e6f5509761c)] -> xpath: //h1[@id='UserHeading']]
2021-12-14 09:12:253 INFO  AddUserPage :63 - Send User role  : Admin[[ChromeDriver: chrome on WINDOWS (c204a4014ef6d073fa229e6f5509761c)] -> xpath: //select[@id='systemUser_userType']]
2021-12-14 09:12:415 INFO  AddUserPage :68 - Add Employee name  : Ananya Dash[[ChromeDriver: chrome on WINDOWS (c204a4014ef6d073fa229e6f5509761c)] -> xpath: //input[@id='systemUser_employeeName_empName']]
2021-12-14 09:12:563 INFO  AddUserPage :73 - Add User name  : Ananya016[[ChromeDriver: chrome on WINDOWS (c204a4014ef6d073fa229e6f5509761c)] -> xpath: //input[@id='systemUser_userName']]
2021-12-14 09:12:664 INFO  AddUserPage :78 - Select User status  : Disabled[[ChromeDriver: chrome on WINDOWS (c204a4014ef6d073fa229e6f5509761c)] -> xpath: //select[@id='systemUser_status']]
2021-12-14 09:12:796 INFO  AddUserPage :83 - Send Password : Abc@1234[[ChromeDriver: chrome on WINDOWS (c204a4014ef6d073fa229e6f5509761c)] -> xpath: //input[@id='systemUser_password']]
2021-12-14 09:12:917 INFO  AddUserPage :88 - Send Confirm Password : Abc@1234[[ChromeDriver: chrome on WINDOWS (c204a4014ef6d073fa229e6f5509761c)] -> xpath: //input[@id='systemUser_confirmPassword']]
2021-12-14 09:12:04 INFO  AddUserPage :93 - Click save button : [[ChromeDriver: chrome on WINDOWS (c204a4014ef6d073fa229e6f5509761c)] -> xpath: //input[@id='btnSave']]
2021-12-14 09:12:47 INFO  AddUserPage :98 - Verify User saved message  : Successfully Saved[[ChromeDriver: chrome on WINDOWS (c204a4014ef6d073fa229e6f5509761c)] -> xpath: //div[contains(text(),'Successfully Saved')]]
2021-12-14 09:12:178 INFO  ManageDriver :31 - Launching Chrome Browser
2021-12-14 09:12:868 INFO  LoginPage :37 - Verify text : Admin[[ChromeDriver: chrome on WINDOWS (c1b380cf644ecf07c153b11ccee5f1bf)] -> xpath: //input[@id='txtUsername']]
2021-12-14 09:12:966 INFO  LoginPage :41 - Verify text : admin123[[ChromeDriver: chrome on WINDOWS (c1b380cf644ecf07c153b11ccee5f1bf)] -> xpath: //input[@id='txtPassword']]
2021-12-14 09:12:219 INFO  LoginPage :45 - Verify text : [[ChromeDriver: chrome on WINDOWS (c1b380cf644ecf07c153b11ccee5f1bf)] -> xpath: //input[@id='btnLogin']]
2021-12-14 09:12:795 INFO  HomePage :57 - Verify logo displayed : [[ChromeDriver: chrome on WINDOWS (c1b380cf644ecf07c153b11ccee5f1bf)] -> xpath: //img[@alt='OrangeHRM']]
2021-12-14 09:12:821 INFO  ManageDriver :31 - Launching Chrome Browser
2021-12-14 09:12:468 INFO  LoginPage :37 - Verify text : Admin[[ChromeDriver: chrome on WINDOWS (badb3f769820363e6e1b1008e7a0ba71)] -> xpath: //input[@id='txtUsername']]
2021-12-14 09:12:594 INFO  LoginPage :41 - Verify text : admin123[[ChromeDriver: chrome on WINDOWS (badb3f769820363e6e1b1008e7a0ba71)] -> xpath: //input[@id='txtPassword']]
2021-12-14 09:12:365 INFO  LoginPage :45 - Verify text : [[ChromeDriver: chrome on WINDOWS (badb3f769820363e6e1b1008e7a0ba71)] -> xpath: //input[@id='btnLogin']]
2021-12-14 09:12:181 INFO  DashboardPage :36 - Click Admin tab : [[ChromeDriver: chrome on WINDOWS (badb3f769820363e6e1b1008e7a0ba71)] -> xpath: //b[normalize-space()='Admin']]
2021-12-14 09:12:232 INFO  AdminPage :29 - Verify User text  : System Users[[ChromeDriver: chrome on WINDOWS (badb3f769820363e6e1b1008e7a0ba71)] -> xpath: //h1[normalize-space()='System Users']]
2021-12-14 09:12:725 INFO  AdminPage :34 - Click Add button  : [[ChromeDriver: chrome on WINDOWS (badb3f769820363e6e1b1008e7a0ba71)] -> xpath: //input[@id='btnAdd']]
2021-12-14 09:12:771 INFO  AddUserPage :58 - Verify Add user text  : Add User[[ChromeDriver: chrome on WINDOWS (badb3f769820363e6e1b1008e7a0ba71)] -> xpath: //h1[@id='UserHeading']]
2021-12-14 09:12:881 INFO  AddUserPage :63 - Send User role  : Admin[[ChromeDriver: chrome on WINDOWS (badb3f769820363e6e1b1008e7a0ba71)] -> xpath: //select[@id='systemUser_userType']]
2021-12-14 09:12:26 INFO  AddUserPage :68 - Add Employee name  : Ananya Dash[[ChromeDriver: chrome on WINDOWS (badb3f769820363e6e1b1008e7a0ba71)] -> xpath: //input[@id='systemUser_employeeName_empName']]
2021-12-14 09:12:169 INFO  AddUserPage :73 - Add User name  : Ananya016[[ChromeDriver: chrome on WINDOWS (badb3f769820363e6e1b1008e7a0ba71)] -> xpath: //input[@id='systemUser_userName']]
2021-12-14 09:12:261 INFO  AddUserPage :78 - Select User status  : Disabled[[ChromeDriver: chrome on WINDOWS (badb3f769820363e6e1b1008e7a0ba71)] -> xpath: //select[@id='systemUser_status']]
2021-12-14 09:12:387 INFO  AddUserPage :83 - Send Password : Abc@1234[[ChromeDriver: chrome on WINDOWS (badb3f769820363e6e1b1008e7a0ba71)] -> xpath: //input[@id='systemUser_password']]
2021-12-14 09:12:527 INFO  AddUserPage :88 - Send Confirm Password : Abc@1234[[ChromeDriver: chrome on WINDOWS (badb3f769820363e6e1b1008e7a0ba71)] -> xpath: //input[@id='systemUser_confirmPassword']]
2021-12-14 09:12:630 INFO  AddUserPage :93 - Click save button : [[ChromeDriver: chrome on WINDOWS (badb3f769820363e6e1b1008e7a0ba71)] -> xpath: //input[@id='btnSave']]
2021-12-14 09:12:668 INFO  AddUserPage :98 - Verify User saved message  : Successfully Saved[[ChromeDriver: chrome on WINDOWS (badb3f769820363e6e1b1008e7a0ba71)] -> xpath: //div[contains(text(),'Successfully Saved')]]
2021-12-14 09:12:697 INFO  ManageDriver :31 - Launching Chrome Browser
2021-12-14 09:12:713 INFO  LoginPage :37 - Verify text : Admin[[ChromeDriver: chrome on WINDOWS (4e4f69cc4bb18dc962353930cd8d9840)] -> xpath: //input[@id='txtUsername']]
2021-12-14 09:12:805 INFO  LoginPage :41 - Verify text : admin123[[ChromeDriver: chrome on WINDOWS (4e4f69cc4bb18dc962353930cd8d9840)] -> xpath: //input[@id='txtPassword']]
2021-12-14 09:12:563 INFO  LoginPage :45 - Verify text : [[ChromeDriver: chrome on WINDOWS (4e4f69cc4bb18dc962353930cd8d9840)] -> xpath: //input[@id='btnLogin']]
2021-12-14 09:12:387 INFO  DashboardPage :36 - Click Admin tab : [[ChromeDriver: chrome on WINDOWS (4e4f69cc4bb18dc962353930cd8d9840)] -> xpath: //b[normalize-space()='Admin']]
2021-12-14 09:12:432 INFO  AdminPage :29 - Verify User text  : System Users[[ChromeDriver: chrome on WINDOWS (4e4f69cc4bb18dc962353930cd8d9840)] -> xpath: //h1[normalize-space()='System Users']]
2021-12-14 09:12:518 INFO  ViewSystemUsersPage :61 - Send User Name : Ananya016[[ChromeDriver: chrome on WINDOWS (4e4f69cc4bb18dc962353930cd8d9840)] -> xpath: //input[@id='searchSystemUser_userName']]
2021-12-14 09:12:610 INFO  ViewSystemUsersPage :66 - Select UserRole : Admin[[ChromeDriver: chrome on WINDOWS (4e4f69cc4bb18dc962353930cd8d9840)] -> xpath: //select[@id='searchSystemUser_userType']]
2021-12-14 09:12:701 INFO  ViewSystemUsersPage :71 - Select User Status : Disabled[[ChromeDriver: chrome on WINDOWS (4e4f69cc4bb18dc962353930cd8d9840)] -> xpath: //select[@id='searchSystemUser_status']]
2021-12-14 09:12:131 INFO  ViewSystemUsersPage :76 - Select Search Button : [[ChromeDriver: chrome on WINDOWS (4e4f69cc4bb18dc962353930cd8d9840)] -> xpath: //input[@id='searchBtn']]
2021-12-14 09:12:183 INFO  ViewSystemUsersPage :83 - Verify User list : Ananya016[[ChromeDriver: chrome on WINDOWS (4e4f69cc4bb18dc962353930cd8d9840)] -> xpath: //a[normalize-space()='Ananya016']]
2021-12-14 09:12:18 INFO  ManageDriver :31 - Launching Chrome Browser
2021-12-14 09:12:766 INFO  LoginPage :37 - Verify text : Admin[[ChromeDriver: chrome on WINDOWS (492ef48a6b13098db5040b6336b6583c)] -> xpath: //input[@id='txtUsername']]
2021-12-14 09:12:835 INFO  LoginPage :41 - Verify text : admin123[[ChromeDriver: chrome on WINDOWS (492ef48a6b13098db5040b6336b6583c)] -> xpath: //input[@id='txtPassword']]
2021-12-14 09:12:423 INFO  LoginPage :45 - Verify text : [[ChromeDriver: chrome on WINDOWS (492ef48a6b13098db5040b6336b6583c)] -> xpath: //input[@id='btnLogin']]
2021-12-14 09:12:470 INFO  HomePage :46 - Verify Displayed Welcome text : welcome[[ChromeDriver: chrome on WINDOWS (492ef48a6b13098db5040b6336b6583c)] -> xpath: //a[@id='welcome']]
2021-12-14 09:12:488 INFO  ManageDriver :31 - Launching Chrome Browser
2021-12-14 10:12:729 INFO  LoginPage :37 - Verify text : Admin[[ChromeDriver: chrome on WINDOWS (0cfecf00a7792cb9408cf691c130801c)] -> xpath: //input[@id='txtUsername']]
2021-12-14 10:12:825 INFO  LoginPage :41 - Verify text : admin123[[ChromeDriver: chrome on WINDOWS (0cfecf00a7792cb9408cf691c130801c)] -> xpath: //input[@id='txtPassword']]
2021-12-14 10:12:571 INFO  LoginPage :45 - Verify text : [[ChromeDriver: chrome on WINDOWS (0cfecf00a7792cb9408cf691c130801c)] -> xpath: //input[@id='btnLogin']]
2021-12-14 10:12:910 INFO  ManageDriver :31 - Launching Chrome Browser
2021-12-14 10:12:232 INFO  LoginPage :37 - Verify text : Admin[[ChromeDriver: chrome on WINDOWS (bb47d9d03bf0c8d8743d145a94ff72e5)] -> xpath: //input[@id='txtUsername']]
2021-12-14 10:12:311 INFO  LoginPage :41 - Verify text : admin123[[ChromeDriver: chrome on WINDOWS (bb47d9d03bf0c8d8743d145a94ff72e5)] -> xpath: //input[@id='txtPassword']]
2021-12-14 10:12:961 INFO  LoginPage :45 - Verify text : [[ChromeDriver: chrome on WINDOWS (bb47d9d03bf0c8d8743d145a94ff72e5)] -> xpath: //input[@id='btnLogin']]
2021-12-14 10:12:34 INFO  DashboardPage :41 - Click User profile : [[ChromeDriver: chrome on WINDOWS (bb47d9d03bf0c8d8743d145a94ff72e5)] -> xpath: //a[@id='welcome']]
2021-12-14 10:12:581 INFO  DashboardPage :46 - Click Logout : [[ChromeDriver: chrome on WINDOWS (bb47d9d03bf0c8d8743d145a94ff72e5)] -> xpath: //a[normalize-space()='Logout']]
2021-12-14 10:12:639 INFO  DashboardPage :52 - Verify LoginPanel  : LOGIN Panel[[ChromeDriver: chrome on WINDOWS (bb47d9d03bf0c8d8743d145a94ff72e5)] -> xpath: //div[@id='logInPanelHeading']]
2021-12-14 10:12:658 INFO  ManageDriver :31 - Launching Chrome Browser
2021-12-14 10:12:15 INFO  LoginPage :37 - Verify text : Admin[[ChromeDriver: chrome on WINDOWS (1069264a9c68e0a7e62e06aac36bb16e)] -> xpath: //input[@id='txtUsername']]
2021-12-14 10:12:103 INFO  LoginPage :41 - Verify text : admin123[[ChromeDriver: chrome on WINDOWS (1069264a9c68e0a7e62e06aac36bb16e)] -> xpath: //input[@id='txtPassword']]
2021-12-14 10:12:699 INFO  LoginPage :45 - Verify text : [[ChromeDriver: chrome on WINDOWS (1069264a9c68e0a7e62e06aac36bb16e)] -> xpath: //input[@id='btnLogin']]
2021-12-14 10:12:859 INFO  DashboardPage :36 - Click Admin tab : [[ChromeDriver: chrome on WINDOWS (1069264a9c68e0a7e62e06aac36bb16e)] -> xpath: //b[normalize-space()='Admin']]
2021-12-14 10:12:897 INFO  AdminPage :29 - Verify User text  : System Users[[ChromeDriver: chrome on WINDOWS (1069264a9c68e0a7e62e06aac36bb16e)] -> xpath: //h1[normalize-space()='System Users']]
2021-12-14 10:12:369 INFO  AdminPage :34 - Click Add button  : [[ChromeDriver: chrome on WINDOWS (1069264a9c68e0a7e62e06aac36bb16e)] -> xpath: //input[@id='btnAdd']]
2021-12-14 10:12:414 INFO  AddUserPage :58 - Verify Add user text  : Add User[[ChromeDriver: chrome on WINDOWS (1069264a9c68e0a7e62e06aac36bb16e)] -> xpath: //h1[@id='UserHeading']]
2021-12-14 10:12:512 INFO  AddUserPage :63 - Send User role  : Admin[[ChromeDriver: chrome on WINDOWS (1069264a9c68e0a7e62e06aac36bb16e)] -> xpath: //select[@id='systemUser_userType']]
2021-12-14 10:12:627 INFO  AddUserPage :68 - Add Employee name  : Ananya Dash[[ChromeDriver: chrome on WINDOWS (1069264a9c68e0a7e62e06aac36bb16e)] -> xpath: //input[@id='systemUser_employeeName_empName']]
2021-12-14 10:12:732 INFO  AddUserPage :73 - Add User name  : Ananya016[[ChromeDriver: chrome on WINDOWS (1069264a9c68e0a7e62e06aac36bb16e)] -> xpath: //input[@id='systemUser_userName']]
2021-12-14 10:12:805 INFO  AddUserPage :78 - Select User status  : Disabled[[ChromeDriver: chrome on WINDOWS (1069264a9c68e0a7e62e06aac36bb16e)] -> xpath: //select[@id='systemUser_status']]
2021-12-14 10:12:902 INFO  AddUserPage :83 - Send Password : Abc@1234[[ChromeDriver: chrome on WINDOWS (1069264a9c68e0a7e62e06aac36bb16e)] -> xpath: //input[@id='systemUser_password']]
2021-12-14 10:12:986 INFO  AddUserPage :88 - Send Confirm Password : Abc@1234[[ChromeDriver: chrome on WINDOWS (1069264a9c68e0a7e62e06aac36bb16e)] -> xpath: //input[@id='systemUser_confirmPassword']]
2021-12-14 10:12:50 INFO  AddUserPage :93 - Click save button : [[ChromeDriver: chrome on WINDOWS (1069264a9c68e0a7e62e06aac36bb16e)] -> xpath: //input[@id='btnSave']]
2021-12-14 10:12:79 INFO  AddUserPage :98 - Verify User saved message  : Successfully Saved[[ChromeDriver: chrome on WINDOWS (1069264a9c68e0a7e62e06aac36bb16e)] -> xpath: //div[contains(text(),'Successfully Saved')]]
2021-12-14 10:12:94 INFO  ManageDriver :31 - Launching Chrome Browser
2021-12-14 10:12:656 INFO  LoginPage :37 - Verify text : Admin[[ChromeDriver: chrome on WINDOWS (ace3b9fe9ad11515fc3ffd83cf1b3d72)] -> xpath: //input[@id='txtUsername']]
2021-12-14 10:12:762 INFO  LoginPage :41 - Verify text : admin123[[ChromeDriver: chrome on WINDOWS (ace3b9fe9ad11515fc3ffd83cf1b3d72)] -> xpath: //input[@id='txtPassword']]
2021-12-14 10:12:443 INFO  LoginPage :45 - Verify text : [[ChromeDriver: chrome on WINDOWS (ace3b9fe9ad11515fc3ffd83cf1b3d72)] -> xpath: //input[@id='btnLogin']]
2021-12-14 10:12:485 INFO  DashboardPage :36 - Click Admin tab : [[ChromeDriver: chrome on WINDOWS (ace3b9fe9ad11515fc3ffd83cf1b3d72)] -> xpath: //b[normalize-space()='Admin']]
2021-12-14 10:12:523 INFO  AdminPage :29 - Verify User text  : System Users[[ChromeDriver: chrome on WINDOWS (ace3b9fe9ad11515fc3ffd83cf1b3d72)] -> xpath: //h1[normalize-space()='System Users']]
2021-12-14 10:12:616 INFO  ViewSystemUsersPage :61 - Send User Name : Ananya016[[ChromeDriver: chrome on WINDOWS (ace3b9fe9ad11515fc3ffd83cf1b3d72)] -> xpath: //input[@id='searchSystemUser_userName']]
2021-12-14 10:12:705 INFO  ViewSystemUsersPage :66 - Select UserRole : Admin[[ChromeDriver: chrome on WINDOWS (ace3b9fe9ad11515fc3ffd83cf1b3d72)] -> xpath: //select[@id='searchSystemUser_userType']]
2021-12-14 10:12:806 INFO  ViewSystemUsersPage :71 - Select User Status : Disabled[[ChromeDriver: chrome on WINDOWS (ace3b9fe9ad11515fc3ffd83cf1b3d72)] -> xpath: //select[@id='searchSystemUser_status']]
2021-12-14 10:12:247 INFO  ViewSystemUsersPage :76 - Select Search Button : [[ChromeDriver: chrome on WINDOWS (ace3b9fe9ad11515fc3ffd83cf1b3d72)] -> xpath: //input[@id='searchBtn']]
2021-12-14 10:12:287 INFO  ViewSystemUsersPage :83 - Verify User list : Ananya016[[ChromeDriver: chrome on WINDOWS (ace3b9fe9ad11515fc3ffd83cf1b3d72)] -> xpath: //a[normalize-space()='Ananya016']]
2021-12-14 10:12:307 INFO  ManageDriver :31 - Launching Chrome Browser
2021-12-14 10:12:844 INFO  LoginPage :37 - Verify text : Admin[[ChromeDriver: chrome on WINDOWS (a544d06b7f66e0d83fe07b2f9df5b9e3)] -> xpath: //input[@id='txtUsername']]
2021-12-14 10:12:947 INFO  LoginPage :41 - Verify text : admin123[[ChromeDriver: chrome on WINDOWS (a544d06b7f66e0d83fe07b2f9df5b9e3)] -> xpath: //input[@id='txtPassword']]
2021-12-14 10:12:496 INFO  LoginPage :45 - Verify text : [[ChromeDriver: chrome on WINDOWS (a544d06b7f66e0d83fe07b2f9df5b9e3)] -> xpath: //input[@id='btnLogin']]
2021-12-14 10:12:550 INFO  DashboardPage :36 - Click Admin tab : [[ChromeDriver: chrome on WINDOWS (a544d06b7f66e0d83fe07b2f9df5b9e3)] -> xpath: //b[normalize-space()='Admin']]
2021-12-14 10:12:594 INFO  AdminPage :29 - Verify User text  : System Users[[ChromeDriver: chrome on WINDOWS (a544d06b7f66e0d83fe07b2f9df5b9e3)] -> xpath: //h1[normalize-space()='System Users']]
2021-12-14 10:12:690 INFO  ViewSystemUsersPage :61 - Send User Name : Ananya016[[ChromeDriver: chrome on WINDOWS (a544d06b7f66e0d83fe07b2f9df5b9e3)] -> xpath: //input[@id='searchSystemUser_userName']]
2021-12-14 10:12:780 INFO  ViewSystemUsersPage :66 - Select UserRole : Admin[[ChromeDriver: chrome on WINDOWS (a544d06b7f66e0d83fe07b2f9df5b9e3)] -> xpath: //select[@id='searchSystemUser_userType']]
2021-12-14 10:12:872 INFO  ViewSystemUsersPage :71 - Select User Status : Disabled[[ChromeDriver: chrome on WINDOWS (a544d06b7f66e0d83fe07b2f9df5b9e3)] -> xpath: //select[@id='searchSystemUser_status']]
2021-12-14 10:12:294 INFO  ViewSystemUsersPage :76 - Select Search Button : [[ChromeDriver: chrome on WINDOWS (a544d06b7f66e0d83fe07b2f9df5b9e3)] -> xpath: //input[@id='searchBtn']]
2021-12-14 10:12:348 INFO  ViewSystemUsersPage :83 - Verify User list : Ananya016[[ChromeDriver: chrome on WINDOWS (a544d06b7f66e0d83fe07b2f9df5b9e3)] -> xpath: //a[normalize-space()='Ananya016']]
2021-12-14 10:12:425 INFO  ViewSystemUsersPage :88 - Select Check box : [[ChromeDriver: chrome on WINDOWS (a544d06b7f66e0d83fe07b2f9df5b9e3)] -> css selector: #ohrmList_chkSelectAll]
2021-12-14 10:12:515 INFO  ViewSystemUsersPage :93 - Click Delete Button : [[ChromeDriver: chrome on WINDOWS (a544d06b7f66e0d83fe07b2f9df5b9e3)] -> xpath: //input[@id='btnDelete']]
2021-12-14 10:12:327 INFO  ViewSystemUsersPage :98 - Click Delete Popup : [[ChromeDriver: chrome on WINDOWS (a544d06b7f66e0d83fe07b2f9df5b9e3)] -> xpath: //input[@id='dialogDeleteBtn']]
2021-12-14 10:12:376 INFO  ViewSystemUsersPage :104 - Verify user delete message: Successfully Deleted[[ChromeDriver: chrome on WINDOWS (a544d06b7f66e0d83fe07b2f9df5b9e3)] -> xpath: //div[contains(text(),'Successfully Deleted')]]
2021-12-14 10:12:393 INFO  ManageDriver :31 - Launching Chrome Browser
2021-12-14 10:12:166 INFO  LoginPage :37 - Verify text : Admin[[ChromeDriver: chrome on WINDOWS (5709954a81aa043788a5d0e91abf9842)] -> xpath: //input[@id='txtUsername']]
2021-12-14 10:12:308 INFO  LoginPage :41 - Verify text : admin123[[ChromeDriver: chrome on WINDOWS (5709954a81aa043788a5d0e91abf9842)] -> xpath: //input[@id='txtPassword']]
2021-12-14 10:12:858 INFO  LoginPage :45 - Verify text : [[ChromeDriver: chrome on WINDOWS (5709954a81aa043788a5d0e91abf9842)] -> xpath: //input[@id='btnLogin']]
2021-12-14 10:12:345 INFO  DashboardPage :36 - Click Admin tab : [[ChromeDriver: chrome on WINDOWS (5709954a81aa043788a5d0e91abf9842)] -> xpath: //b[normalize-space()='Admin']]
2021-12-14 10:12:404 INFO  AdminPage :29 - Verify User text  : System Users[[ChromeDriver: chrome on WINDOWS (5709954a81aa043788a5d0e91abf9842)] -> xpath: //h1[normalize-space()='System Users']]
2021-12-14 10:12:515 INFO  ViewSystemUsersPage :61 - Send User Name : Ananya016[[ChromeDriver: chrome on WINDOWS (5709954a81aa043788a5d0e91abf9842)] -> xpath: //input[@id='searchSystemUser_userName']]
2021-12-14 10:12:627 INFO  ViewSystemUsersPage :66 - Select UserRole : Admin[[ChromeDriver: chrome on WINDOWS (5709954a81aa043788a5d0e91abf9842)] -> xpath: //select[@id='searchSystemUser_userType']]
2021-12-14 10:12:737 INFO  ViewSystemUsersPage :71 - Select User Status : Disabled[[ChromeDriver: chrome on WINDOWS (5709954a81aa043788a5d0e91abf9842)] -> xpath: //select[@id='searchSystemUser_status']]
2021-12-14 10:12:286 INFO  ViewSystemUsersPage :76 - Select Search Button : [[ChromeDriver: chrome on WINDOWS (5709954a81aa043788a5d0e91abf9842)] -> xpath: //input[@id='searchBtn']]
2021-12-14 10:12:353 INFO  ViewSystemUsersPage :110 - Verify No record message : No Records Found[[ChromeDriver: chrome on WINDOWS (5709954a81aa043788a5d0e91abf9842)] -> xpath: //td[normalize-space()='No Records Found']]
